<?xml version="1.0" encoding="UTF-8"?>
<!-- Generated by org.testng.reporters.JUnitReportReporter -->
<testsuite hostname="DESKTOP-6ITAQL4" failures="0" tests="1" name="test2.iframes" time="0.779" errors="0" timestamp="2024-07-07T01:14:34 IST" skipped="0">
  <testcase classname="test2.iframes" name="t1" time="0.779"/>
  <system-out/>
</testsuite> <!-- test2.iframes -->
