<?xml version="1.0" encoding="UTF-8"?>
<!-- Generated by org.testng.reporters.JUnitReportReporter -->
<testsuite hostname="DESKTOP-6ITAQL4" failures="0" tests="3" name="test2.Alertclass" time="0.898" errors="0" timestamp="2024-07-07T00:37:10 IST" skipped="0">
  <testcase classname="test2.Alertclass" name="t2" time="0.337"/>
  <system-out/>
  <testcase classname="test2.Alertclass" name="t1" time="0.168"/>
  <system-out/>
  <testcase classname="test2.Alertclass" name="t3" time="0.393"/>
  <system-out/>
</testsuite> <!-- test2.Alertclass -->
